C51 COMPILER V9.01   MAIN                                                                  05/01/2022 21:02:52 PAGE 1   


C51 COMPILER V9.01, COMPILATION OF MODULE MAIN
OBJECT MODULE PLACED IN main.OBJ
COMPILER INVOKED BY: D:\51SCM\C51\BIN\C51.EXE main.c BROWSE DEBUG OBJECTEXTEND

line level    source

   1          #include "reg52.h"
   2          
   3          sbit LED1 = P2^0;//将P2零地址IO重命名为LED1
   4          
   5          void delay_10us(unsigned int ten_us)//控制灯闪烁时间函数
   6          {
   7   1              while(ten_us--);
   8   1      }
   9          
  10          void main()
  11          {
  12   1              while(1)
  13   1              {
  14   2                       LED1 = 0;
  15   2                       delay_10us(50000);// 点亮450ms
  16   2                       LED1 = 1;
  17   2                       delay_10us(50000);// 熄灭450ms
  18   2              }
  19   1      }


MODULE INFORMATION:   STATIC OVERLAYABLE
   CODE SIZE        =     31    ----
   CONSTANT SIZE    =   ----    ----
   XDATA SIZE       =   ----    ----
   PDATA SIZE       =   ----    ----
   DATA SIZE        =   ----    ----
   IDATA SIZE       =   ----    ----
   BIT SIZE         =   ----    ----
END OF MODULE INFORMATION.


C51 COMPILATION COMPLETE.  0 WARNING(S),  0 ERROR(S)
