C51 COMPILER V9.01   MAIN                                                                  05/01/2022 21:39:49 PAGE 1   


C51 COMPILER V9.01, COMPILATION OF MODULE MAIN
OBJECT MODULE PLACED IN main.OBJ
COMPILER INVOKED BY: D:\51SCM\C51\BIN\C51.EXE main.c BROWSE DEBUG OBJECTEXTEND

line level    source

   1          #include "reg52.h"
   2          
   3          #define LED_PORT P2
   4          
   5          void delay_10us(unsigned int ten_us)
   6          {
   7   1              while(ten_us--);
   8   1      }
   9          
  10          void main()
  11          {
  12   1              unsigned char i = 0;
  13   1              
  14   1              while(1)
  15   1              {
  16   2                      for(i=0;i<8;i++)
  17   2                      {
  18   3                               LED_PORT = ~(0x01<<i);
  19   3                               delay_10us(50000);
  20   3                               
  21   3                      }
  22   2                      for(i=6;i>0;i--)
  23   2                      {
  24   3                              LED_PORT = ~(0x01<<i);
  25   3                              delay_10us(50000);
  26   3                      }
  27   2              }
  28   1      }


MODULE INFORMATION:   STATIC OVERLAYABLE
   CODE SIZE        =     63    ----
   CONSTANT SIZE    =   ----    ----
   XDATA SIZE       =   ----    ----
   PDATA SIZE       =   ----    ----
   DATA SIZE        =   ----    ----
   IDATA SIZE       =   ----    ----
   BIT SIZE         =   ----    ----
END OF MODULE INFORMATION.


C51 COMPILATION COMPLETE.  0 WARNING(S),  0 ERROR(S)
