C51 COMPILER V9.01   MAIN                                                                  05/02/2022 13:06:58 PAGE 1   


C51 COMPILER V9.01, COMPILATION OF MODULE MAIN
OBJECT MODULE PLACED IN main.OBJ
COMPILER INVOKED BY: D:\51SCM\C51\BIN\C51.EXE main.c BROWSE DEBUG OBJECTEXTEND

line level    source

   1          #include "reg52.h"
   2          
   3          #define SMG_A_DP_PORT P0
   4          
   5          unsigned char gsmg_code[17] = {0x3f,0x06,0x5b,0x4f,0x66,0x6d,0x7d,
   6                                                                     0x07,0x7f,0x6f,0x77,0x7c,0x39,0x5e,
   7                                                                     0x79,0x71};//π≤“ı0-F
   8          void delay_10us(unsigned int ten_us)
   9          {
  10   1              while(ten_us--);
  11   1      }
  12          
  13          void main()
  14          {
  15   1              int i = 0;
  16   1              
  17   1              while(1)
  18   1              {
  19   2                      for(i=0;i<16;i++)
  20   2                      {
  21   3                              SMG_A_DP_PORT = ~gsmg_code[i]; 
  22   3                              delay_10us(50000); 
  23   3                              delay_10us(50000);
  24   3                      }
  25   2                      
  26   2              }
  27   1      }


MODULE INFORMATION:   STATIC OVERLAYABLE
   CODE SIZE        =     49    ----
   CONSTANT SIZE    =   ----    ----
   XDATA SIZE       =   ----    ----
   PDATA SIZE       =   ----    ----
   DATA SIZE        =     17    ----
   IDATA SIZE       =   ----    ----
   BIT SIZE         =   ----    ----
END OF MODULE INFORMATION.


C51 COMPILATION COMPLETE.  0 WARNING(S),  0 ERROR(S)
